Starting TLU batch processing...
Cleaning up output directory: workspace/output_data

[EXECUTING] 0_0_run_auto_calibrate.sh
Running Auto-Calibration (Burn-in) Filter...
🚀 Auto-Calibration Enabled! Analyzing the first 24 time steps to tune system thresholds...
  🔍 [FFT Analysis] Dominant periodicity detected: Frequency = 0.0417
✅ Auto-Calibration Complete. Tuned parameters saved to ephemeral storage.
Auto-Calibration completed.


[EXECUTING] 000_1_1_run_dynamics_state.sh
Running Dynamics State Filter...
/app/src/core/core_dynamics.py:99: RuntimeWarning: divide by zero encountered in divide
  C = 1.0 / (v_std + dynamic_epsilon)
/app/src/core/core_dynamics.py:125: RuntimeWarning: invalid value encountered in multiply
  return M * a + C * v + K * dq
Dynamics State Filter completed.


[EXECUTING] 000_2_1_run_structural_stiffness.sh
Running Structural Stiffness Matrix Filter...
Structural Stiffness Matrix Filter completed.


[EXECUTING] 000_2_2_run_principal_axes.sh
Running Principal Axes Filter...
Principal Axes Filter completed.


[EXECUTING] 001_1_1_run_macro_thermodynamics.sh
Running Macro Thermodynamics Filter...
Macro Thermodynamics Filter completed.


[EXECUTING] 001_1_2_run_local_thermodynamics.sh
Running Local Thermodynamics Filter...
Local Thermodynamics Filter completed.


[EXECUTING] 001_2_1_run_lag_matrix.sh
Running Time-Lag Matrix Filter...
Time-Lag Matrix Filter completed.


[EXECUTING] 002_1_1_run_info_curvature.sh
Running Information Curvature Filter...
Information Curvature Filter completed.


[EXECUTING] 002_1_2_run_network_topology.sh
Running Network Topology Filter...
Network Topology Filter completed.


[EXECUTING] 002_1_3_run_manifold_dimensionality.sh
Running Manifold Dimensionality Filter...
Manifold Dimensionality Filter completed.


[EXECUTING] 002_2_1_run_macro_forensics.sh
Running Forensics Filter...
Forensics Filter completed.


[EXECUTING] 002_2_2_run_micro_forensics.sh
Running Micro Forensics Filter...
Micro Forensics Filter completed.


[EXECUTING] 003_1_1_run_fk_simulation.sh
Running Forward Kinematics (FK) Filter...
Forward Kinematics (FK) Filter completed.


[EXECUTING] 003_1_2_run_ik_optimization.sh
Running Inverse Kinematics (IK) Filter...
Inverse Kinematics (IK) Filter completed.


[EXECUTING] 004_1_1_run_control_theory.sh
Running Control Theory (LQR) Filter...
Control Theory (LQR) Filter completed.


[EXECUTING] 004_1_2_run_system_stability.sh
Running System Stability Filter...
System Stability Filter completed.


[EXECUTING] 004_2_1_run_sensitivity.sh
Running Sensitivity & Trade-off Filter...
Sensitivity & Trade-off Filter completed.


[EXECUTING] 005_1_1_run_resonant_frequency.sh
Running Autocorrelation & Resonant Frequency Filter...
Autocorrelation & Resonant Frequency Filter completed.


[EXECUTING] 005_1_2_run_phase_shift.sh
Running Phase Shift & Coherence Filter (Traversing)...
Traceback (most recent call last):
  File "<frozen runpy>", line 198, in _run_module_as_main
  File "<frozen runpy>", line 88, in _run_code
  File "/app/src/filters/_005_1_2_filter_phase_shift_coherence.py", line 95, in <module>
    main()
  File "/app/src/filters/_005_1_2_filter_phase_shift_coherence.py", line 74, in main
    t_indices, coherences, phase_shifts = compute_traversing_phase_shift(
                                          ^^^^^^^^^^^^^^^^^^^^^^^^^^^^^^^
  File "/app/src/core/core_signal_processing.py", line 166, in compute_traversing_phase_shift
    c, p = compute_phase_shift_coherence(x_sub, y_sub, target_freq)
           ^^^^^^^^^^^^^^^^^^^^^^^^^^^^^^^^^^^^^^^^^^^^^^^^^^^^^^^^
  File "/app/src/core/core_signal_processing.py", line 116, in compute_phase_shift_coherence
    Pxy = np.nan_to_num(Pxy, nan=0.0j)
          ^^^^^^^^^^^^^^^^^^^^^^^^^^^^
  File "/usr/local/lib/python3.12/site-packages/numpy/lib/_type_check_impl.py", line 489, in nan_to_num
    _nx.copyto(d, nan, where=idx_nan)
TypeError: Cannot cast scalar from dtype('complex128') to dtype('float64') according to the rule 'same_kind'
